#
# There is insufficient memory for the Java Runtime Environment to continue.
# Native memory allocation (mmap) failed to map 62914560 bytes for G1 virtual space
# Possible reasons:
#   The system is out of physical RAM or swap space
#   The process is running with CompressedOops enabled, and the Java Heap may be blocking the growth of the native heap
# Possible solutions:
#   Reduce memory load on the system
#   Increase physical memory or swap space
#   Check if swap backing store is full
#   Decrease Java heap size (-Xmx/-Xms)
#   Decrease number of Java threads
#   Decrease Java thread stack sizes (-Xss)
#   Set larger code cache with -XX:ReservedCodeCacheSize=
#   JVM is running with Unscaled Compressed Oops mode in which the Java heap is
#     placed in the first 4GB address space. The Java Heap base address is the
#     maximum limit for the native heap growth. Please use -XX:HeapBaseMinAddress
#     to set the Java Heap base and to place the Java Heap above 4GB virtual address.
# This output file may be truncated or incomplete.
#
#  Out of Memory Error (os_windows.cpp:3550), pid=7084, tid=4632
#
# JRE version:  (17.0.8+9) (build )
# Java VM: Java HotSpot(TM) 64-Bit Server VM (17.0.8+9-LTS-211, mixed mode, sharing, tiered, compressed oops, compressed class ptrs, g1 gc, windows-amd64)
# No core dump will be written. Minidumps are not enabled by default on client versions of Windows
#

---------------  S U M M A R Y ------------

Command Line: -javaagent:C:\Program Files\JetBrains\IntelliJ IDEA 2023.2.1\lib\idea_rt.jar=58652:C:\Program Files\JetBrains\IntelliJ IDEA 2023.2.1\bin -Dfile.encoding=UTF-8 lk.ijse.Main

Host: 11th Gen Intel(R) Core(TM) i3-1115G4 @ 3.00GHz, 4 cores, 3G,  Windows 11 , 64 bit Build 22621 (10.0.22621.2215)
Time: Sat Sep  2 13:10:57 2023 Sri Lanka Standard Time elapsed time: 0.095905 seconds (0d 0h 0m 0s)

---------------  T H R E A D  ---------------

Current thread (0x0000029d16cbaa90):  JavaThread "Unknown thread" [_thread_in_vm, id=4632, stack(0x000000e641700000,0x000000e641800000)]

Stack: [0x000000e641700000,0x000000e641800000]
Native frames: (J=compiled Java code, j=interpreted, Vv=VM code, C=native code)
V  [jvm.dll+0x677d0a]
V  [jvm.dll+0x7d8c54]
V  [jvm.dll+0x7da3fe]
V  [jvm.dll+0x7daa63]
V  [jvm.dll+0x245c5f]
V  [jvm.dll+0x674bb9]
V  [jvm.dll+0x6694f2]
V  [jvm.dll+0x3031d6]
V  [jvm.dll+0x30a756]
V  [jvm.dll+0x359f9e]
V  [jvm.dll+0x35a1cf]
V  [jvm.dll+0x2da3e8]
V  [jvm.dll+0x2db354]
V  [jvm.dll+0x7aa711]
V  [jvm.dll+0x367b51]
V  [jvm.dll+0x789979]
V  [jvm.dll+0x3eb05f]
V  [jvm.dll+0x3ecae1]
C  [jli.dll+0x5297]
C  [ucrtbase.dll+0x29363]
C  [KERNEL32.DLL+0x1257d]
C  [ntdll.dll+0x5aa68]


---------------  P R O C E S S  ---------------

Threads class SMR info:
_java_thread_list=0x00007ffd20e159d8, length=0, elements={
}

Java Threads: ( => current thread )

Other Threads:
  0x0000029d16cf3930 GCTaskThread "GC Thread#0" [stack: 0x000000e641800000,0x000000e641900000] [id=8040]
  0x0000029d16cfc070 ConcurrentGCThread "G1 Main Marker" [stack: 0x000000e641900000,0x000000e641a00000] [id=13256]
  0x0000029d16cfda90 ConcurrentGCThread "G1 Conc#0" [stack: 0x000000e641a00000,0x000000e641b00000] [id=11696]

[error occurred during error reporting (printing all threads), id 0xc0000005, EXCEPTION_ACCESS_VIOLATION (0xc0000005) at pc=0x00007ffd2064b047]

VM state: not at safepoint (not fully initialized)

VM Mutex/Monitor currently owned by a thread:  ([mutex/lock_event])
[0x0000029d16cb4f40] Heap_lock - owner thread: 0x0000029d16cbaa90

Heap address: 0x00000000c4000000, size: 960 MB, Compressed Oops mode: 32-bit

CDS archive(s) mapped at: [0x0000000000000000-0x0000000000000000-0x0000000000000000), size 0, SharedBaseAddress: 0x0000000800000000, ArchiveRelocationMode: 1.
Narrow klass base: 0x0000000000000000, Narrow klass shift: 0, Narrow klass range: 0x0

GC Precious Log:
<Empty>

Heap:
 garbage-first heap   total 0K, used 0K [0x00000000c4000000, 0x0000000100000000)
  region size 1024K, 0 young (0K), 0 survivors (0K)

[error occurred during error reporting (printing heap information), id 0xc0000005, EXCEPTION_ACCESS_VIOLATION (0xc0000005) at pc=0x00007ffd20a31499]

GC Heap History (0 events):
No events

Deoptimization events (0 events):
No events

Classes unloaded (0 events):
No events

Classes redefined (0 events):
No events

Internal exceptions (0 events):
No events

VM Operations (0 events):
No events

Events (1 events):
Event: 0.085 Loaded shared library C:\Program Files\Java\jdk-17\bin\java.dll


Dynamic libraries:
0x00007ff6b7140000 - 0x00007ff6b7150000 	C:\Program Files\Java\jdk-17\bin\java.exe
0x00007ffd7e6b0000 - 0x00007ffd7e8c4000 	C:\WINDOWS\SYSTEM32\ntdll.dll
0x00007ffd7ce80000 - 0x00007ffd7cf44000 	C:\WINDOWS\System32\KERNEL32.DLL
0x00007ffd7bc50000 - 0x00007ffd7bff4000 	C:\WINDOWS\System32\KERNELBASE.dll
0x00007ffd6a510000 - 0x00007ffd6a52b000 	C:\Program Files\Java\jdk-17\bin\VCRUNTIME140.dll
0x00007ffd7c000000 - 0x00007ffd7c111000 	C:\WINDOWS\System32\ucrtbase.dll
0x00007ffd6eb40000 - 0x00007ffd6eb59000 	C:\Program Files\Java\jdk-17\bin\jli.dll
0x00007ffd7c690000 - 0x00007ffd7c740000 	C:\WINDOWS\System32\ADVAPI32.dll
0x00007ffd7cdd0000 - 0x00007ffd7ce77000 	C:\WINDOWS\System32\msvcrt.dll
0x00007ffd7da50000 - 0x00007ffd7daf6000 	C:\WINDOWS\System32\sechost.dll
0x00007ffd7c480000 - 0x00007ffd7c597000 	C:\WINDOWS\System32\RPCRT4.dll
0x00007ffd7c890000 - 0x00007ffd7ca3e000 	C:\WINDOWS\System32\USER32.dll
0x00007ffd7c190000 - 0x00007ffd7c1b6000 	C:\WINDOWS\System32\win32u.dll
0x00007ffd7c660000 - 0x00007ffd7c689000 	C:\WINDOWS\System32\GDI32.dll
0x00007ffd7c320000 - 0x00007ffd7c438000 	C:\WINDOWS\System32\gdi32full.dll
0x00007ffd7c1c0000 - 0x00007ffd7c25a000 	C:\WINDOWS\System32\msvcp_win.dll
0x00007ffd5faa0000 - 0x00007ffd5fd33000 	C:\WINDOWS\WinSxS\amd64_microsoft.windows.common-controls_6595b64144ccf1df_6.0.22621.2215_none_270d72677387dfc3\COMCTL32.dll
0x00007ffd705d0000 - 0x00007ffd705da000 	C:\WINDOWS\SYSTEM32\VERSION.dll
0x00007ffd7d870000 - 0x00007ffd7d8a1000 	C:\WINDOWS\System32\IMM32.DLL
0x00007ffd6eeb0000 - 0x00007ffd6eebc000 	C:\Program Files\Java\jdk-17\bin\vcruntime140_1.dll
0x00007ffd35670000 - 0x00007ffd356fe000 	C:\Program Files\Java\jdk-17\bin\msvcp140.dll
0x00007ffd20360000 - 0x00007ffd20f3e000 	C:\Program Files\Java\jdk-17\bin\server\jvm.dll
0x00007ffd7e100000 - 0x00007ffd7e108000 	C:\WINDOWS\System32\PSAPI.DLL
0x00007ffd69a50000 - 0x00007ffd69a59000 	C:\WINDOWS\SYSTEM32\WSOCK32.dll
0x00007ffd7c740000 - 0x00007ffd7c7b1000 	C:\WINDOWS\System32\WS2_32.dll
0x00007ffd6dd20000 - 0x00007ffd6dd54000 	C:\WINDOWS\SYSTEM32\WINMM.dll
0x00007ffd7aba0000 - 0x00007ffd7abb8000 	C:\WINDOWS\SYSTEM32\kernel.appcore.dll
0x00007ffd6ea40000 - 0x00007ffd6ea4a000 	C:\Program Files\Java\jdk-17\bin\jimage.dll
0x00007ffd794c0000 - 0x00007ffd796ee000 	C:\WINDOWS\SYSTEM32\DBGHELP.DLL
0x00007ffd7ca40000 - 0x00007ffd7cdca000 	C:\WINDOWS\System32\combase.dll
0x00007ffd7cf60000 - 0x00007ffd7d037000 	C:\WINDOWS\System32\OLEAUT32.dll
0x00007ffd5a0b0000 - 0x00007ffd5a0e2000 	C:\WINDOWS\SYSTEM32\dbgcore.DLL
0x00007ffd7ba60000 - 0x00007ffd7bada000 	C:\WINDOWS\System32\bcryptPrimitives.dll
0x00007ffd68c20000 - 0x00007ffd68c2e000 	C:\Program Files\Java\jdk-17\bin\instrument.dll
0x00007ffd6a4d0000 - 0x00007ffd6a4f5000 	C:\Program Files\Java\jdk-17\bin\java.dll

dbghelp: loaded successfully - version: 4.0.5 - missing functions: none
symbol engine: initialized successfully - sym options: 0x614 - pdb path: .;C:\Program Files\Java\jdk-17\bin;C:\WINDOWS\SYSTEM32;C:\WINDOWS\WinSxS\amd64_microsoft.windows.common-controls_6595b64144ccf1df_6.0.22621.2215_none_270d72677387dfc3;C:\Program Files\Java\jdk-17\bin\server

VM Arguments:
jvm_args: -javaagent:C:\Program Files\JetBrains\IntelliJ IDEA 2023.2.1\lib\idea_rt.jar=58652:C:\Program Files\JetBrains\IntelliJ IDEA 2023.2.1\bin -Dfile.encoding=UTF-8 
java_command: lk.ijse.Main
java_class_path (initial): C:\Users\Kavindu\Documents\TurtlesCare\turtle-care\turtleCare\target\classes;C:\Users\Kavindu\.m2\repository\org\openjfx\javafx-controls\19.0.2.1\javafx-controls-19.0.2.1.jar;C:\Users\Kavindu\.m2\repository\org\openjfx\javafx-controls\19.0.2.1\javafx-controls-19.0.2.1-win.jar;C:\Users\Kavindu\.m2\repository\org\openjfx\javafx-graphics\19.0.2.1\javafx-graphics-19.0.2.1.jar;C:\Users\Kavindu\.m2\repository\org\openjfx\javafx-graphics\19.0.2.1\javafx-graphics-19.0.2.1-win.jar;C:\Users\Kavindu\.m2\repository\org\openjfx\javafx-base\19.0.2.1\javafx-base-19.0.2.1.jar;C:\Users\Kavindu\.m2\repository\org\openjfx\javafx-base\19.0.2.1\javafx-base-19.0.2.1-win.jar;C:\Users\Kavindu\.m2\repository\org\openjfx\javafx-fxml\19.0.2.1\javafx-fxml-19.0.2.1.jar;C:\Users\Kavindu\.m2\repository\org\openjfx\javafx-fxml\19.0.2.1\javafx-fxml-19.0.2.1-win.jar
Launcher Type: SUN_STANDARD

[Global flags]
     intx CICompilerCount                          = 3                                         {product} {ergonomic}
     uint ConcGCThreads                            = 1                                         {product} {ergonomic}
     uint G1ConcRefinementThreads                  = 4                                         {product} {ergonomic}
   size_t G1HeapRegionSize                         = 1048576                                   {product} {ergonomic}
    uintx GCDrainStackTargetSize                   = 64                                        {product} {ergonomic}
   size_t InitialHeapSize                          = 62914560                                  {product} {ergonomic}
   size_t MarkStackSize                            = 4194304                                   {product} {ergonomic}
   size_t MaxHeapSize                              = 1006632960                                {product} {ergonomic}
   size_t MinHeapDeltaBytes                        = 1048576                                   {product} {ergonomic}
   size_t MinHeapSize                              = 8388608                                   {product} {ergonomic}
    uintx NonNMethodCodeHeapSize                   = 5832780                                {pd product} {ergonomic}
    uintx NonProfiledCodeHeapSize                  = 122912730                              {pd product} {ergonomic}
    uintx ProfiledCodeHeapSize                     = 122912730                              {pd product} {ergonomic}
    uintx ReservedCodeCacheSize                    = 251658240                              {pd product} {ergonomic}
     bool SegmentedCodeCache                       = true                                      {product} {ergonomic}
   size_t SoftMaxHeapSize                          = 1006632960                             {manageable} {ergonomic}
     bool UseCompressedClassPointers               = true                           {product lp64_product} {ergonomic}
     bool UseCompressedOops                        = true                           {product lp64_product} {ergonomic}
     bool UseG1GC                                  = true                                      {product} {ergonomic}
     bool UseLargePagesIndividualAllocation        = false                                  {pd product} {ergonomic}

Logging:
Log output configuration:
 #0: stdout all=warning uptime,level,tags
 #1: stderr all=off uptime,level,tags

Environment Variables:
PATH=C:\Program Files\Common Files\Oracle\Java\javapath;C:\WINDOWS\system32;C:\WINDOWS;C:\WINDOWS\System32\Wbem;C:\WINDOWS\System32\WindowsPowerShell\v1.0\;C:\WINDOWS\System32\OpenSSH\;C:\Program Files\Git\cmd;C:\Program Files\dotnet\;C:\Users\Kavindu\AppData\Local\Microsoft\WindowsApps;C:\Users\Kavindu\AppData\Local\Programs\Microsoft VS Code\bin;C:\Users\Kavindu\.dotnet\tools;C:\Users\Kavindu\AppData\Local\GitHubDesktop\bin;C:\Program Files\JetBrains\IntelliJ IDEA 2023.2.1\bin;
USERNAME=Kavindu
OS=Windows_NT
PROCESSOR_IDENTIFIER=Intel64 Family 6 Model 140 Stepping 1, GenuineIntel



---------------  S Y S T E M  ---------------

OS:
 Windows 11 , 64 bit Build 22621 (10.0.22621.2215)
OS uptime: 1 days 5:00 hours

CPU: total 4 (initial active 4) (2 cores per cpu, 2 threads per core) family 6 model 140 stepping 1 microcode 0xa4, cx8, cmov, fxsr, ht, mmx, 3dnowpref, sse, sse2, sse3, ssse3, sse4.1, sse4.2, popcnt, lzcnt, tsc, tscinvbit, avx, avx2, aes, erms, clmul, bmi1, bmi2, adx, avx512f, avx512dq, avx512cd, avx512bw, avx512vl, sha, fma, vzeroupper, avx512_vpopcntdq, avx512_vpclmulqdq, avx512_vaes, avx512_vnni, clflush, clflushopt, clwb, avx512_vbmi2, avx512_vbmi

Memory: 4k page, system-wide physical 3838M (295M free)
TotalPageFile size 11258M (AvailPageFile size 38M)
current process WorkingSet (physical memory assigned to process): 11M, peak: 11M
current process commit charge ("private bytes"): 51M, peak: 111M

vm_info: Java HotSpot(TM) 64-Bit Server VM (17.0.8+9-LTS-211) for windows-amd64 JRE (17.0.8+9-LTS-211), built on Jun 14 2023 10:34:31 by "mach5one" with MS VC++ 17.1 (VS2022)

END.
